<?xml version="1.0" encoding="UTF-8"?>
<testsuite name="GreeterTest" tests="1" skipped="0" failures="0" errors="0" timestamp="2024-09-06T04:47:18" hostname="VIVOBOOK-S14" time="0.147">
  <properties/>
  <testcase name="testThatGreeterReturnsTheCorrectGreeting()" classname="GreeterTest" time="0.147"/>
  <system-out><![CDATA[]]></system-out>
  <system-err><![CDATA[]]></system-err>
</testsuite>
